<!DOCTYPE html>
<html lang="zh-CN">
<head>
  <meta charset="UTF-8">
<meta name="viewport" content="width=device-width, initial-scale=1, maximum-scale=2">
<meta name="theme-color" content="#222">
<meta name="generator" content="Hexo 4.0.0">
  <link rel="apple-touch-icon" sizes="180x180" href="/images/apple-touch-icon-next.png?v=7.4.2">
  <link rel="icon" type="image/png" sizes="32x32" href="/images/favicon-32x32-next.png?v=7.4.2">
  <link rel="icon" type="image/png" sizes="16x16" href="/images/favicon-16x16-next.png?v=7.4.2">
  <link rel="mask-icon" href="/images/logo.svg?v=7.4.2" color="#222">

<link rel="stylesheet" href="/css/main.css?v=7.4.2">


<link rel="stylesheet" href="/lib/font-awesome/css/font-awesome.min.css?v=4.7.0">


<script id="hexo-configurations">
  var NexT = window.NexT || {};
  var CONFIG = {
    root: '/',
    scheme: 'Pisces',
    version: '7.4.2',
    exturl: false,
    sidebar: {"position":"left","display":"post","offset":12,"onmobile":false},
    copycode: {"enable":false,"show_result":false,"style":null},
    back2top: {"enable":true,"sidebar":false,"scrollpercent":false},
    bookmark: {"enable":true,"color":"#222","save":"auto"},
    fancybox: false,
    mediumzoom: false,
    lazyload: false,
    pangu: false,
    algolia: {
      appID: '',
      apiKey: '',
      indexName: '',
      hits: {"per_page":10},
      labels: {"input_placeholder":"Search for Posts","hits_empty":"We didn't find any results for the search: ${query}","hits_stats":"${hits} results found in ${time} ms"}
    },
    localsearch: {"enable":false,"trigger":"auto","top_n_per_article":1,"unescape":false,"preload":false},
    path: '',
    motion: {"enable":true,"async":false,"transition":{"post_block":"fadeIn","post_header":"slideDownIn","post_body":"slideDownIn","coll_header":"slideLeftIn","sidebar":"slideUpIn"}},
    translation: {
      copy_button: '复制',
      copy_success: '复制成功',
      copy_failure: '复制失败'
    },
    sidebarPadding: 40
  };
</script>

  <meta name="description" content="简介相同sql，limit 1和limit 10，走不同索引，效率相差很大 实际执行计划如下: 1234567891011121314151617181920212223test=# explain analyze select data_id from test_tbl where status=0 and city_id=310188 and type=103 and sub_type in(">
<meta name="keywords" content="Order By,WITH Queries,Multicolumn Indexes">
<meta property="og:type" content="article">
<meta property="og:title" content="PostgreSQL中order by limit索引选择问题">
<meta property="og:url" content="http:&#x2F;&#x2F;blog.yonj1e.top&#x2F;2019&#x2F;06&#x2F;27&#x2F;orderby-limit-index&#x2F;index.html">
<meta property="og:site_name" content="Yonj1e&#39;s Blog">
<meta property="og:description" content="简介相同sql，limit 1和limit 10，走不同索引，效率相差很大 实际执行计划如下: 1234567891011121314151617181920212223test=# explain analyze select data_id from test_tbl where status=0 and city_id=310188 and type=103 and sub_type in(">
<meta property="og:locale" content="zh-CN">
<meta property="og:updated_time" content="2020-07-18T14:11:26.132Z">
<meta name="twitter:card" content="summary">

<link rel="canonical" href="http://blog.yonj1e.top/2019/06/27/orderby-limit-index/">


<script id="page-configurations">
  // https://hexo.io/docs/variables.html
  CONFIG.page = {
    sidebar: "",
    isHome: false,
    isPost: true,
    isPage: false,
    isArchive: false
  };
</script>

  <title>PostgreSQL中order by limit索引选择问题 | Yonj1e's Blog</title>
  








  <noscript>
  <style>
  .use-motion .brand,
  .use-motion .menu-item,
  .sidebar-inner,
  .use-motion .post-block,
  .use-motion .pagination,
  .use-motion .comments,
  .use-motion .post-header,
  .use-motion .post-body,
  .use-motion .collection-header { opacity: initial; }

  .use-motion .site-title,
  .use-motion .site-subtitle {
    opacity: initial;
    top: initial;
  }

  .use-motion .logo-line-before i { left: initial; }
  .use-motion .logo-line-after i { right: initial; }
  </style>
</noscript>

</head>

<body itemscope itemtype="http://schema.org/WebPage">
  <div class="container use-motion">
    <div class="headband"></div>

    <header class="header" itemscope itemtype="http://schema.org/WPHeader">
      <div class="header-inner"><div class="site-brand-container">
  <div class="site-meta">

    <div>
      <a href="/" class="brand" rel="start">
        <span class="logo-line-before"><i></i></span>
        <span class="site-title">Yonj1e's Blog</span>
        <span class="logo-line-after"><i></i></span>
      </a>
    </div>
        <p class="site-subtitle">PostgreSQL Developer & DBA, @ksyun.com</p>
  </div>

  <div class="site-nav-toggle">
    <div class="toggle" aria-label="切换导航栏">
      <span class="toggle-line toggle-line-first"></span>
      <span class="toggle-line toggle-line-middle"></span>
      <span class="toggle-line toggle-line-last"></span>
    </div>
  </div>
</div>


<nav class="site-nav">
  
  <ul id="menu" class="menu">
        <li class="menu-item menu-item-home">

    <a href="/" rel="section"><i class="fa fa-fw fa-home"></i>首页</a>

  </li>
        <li class="menu-item menu-item-archives">

    <a href="/archives/" rel="section"><i class="fa fa-fw fa-archive"></i>归档</a>

  </li>
        <li class="menu-item menu-item-categories">

    <a href="/categories/" rel="section"><i class="fa fa-fw fa-th"></i>分类</a>

  </li>
        <li class="menu-item menu-item-tags">

    <a href="/tags/" rel="section"><i class="fa fa-fw fa-tags"></i>标签</a>

  </li>
        <li class="menu-item menu-item-about">

    <a href="/about/" rel="section"><i class="fa fa-fw fa-user"></i>关于</a>

  </li>
  </ul>

</nav>
</div>
    </header>

    
  <div class="back-to-top">
    <i class="fa fa-arrow-up"></i>
    <span>0%</span>
  </div>
  <a role="button" class="book-mark-link book-mark-link-fixed"></a>

  <a href="https://github.com/yonj1e" class="github-corner" title="Follow me on GitHub" aria-label="Follow me on GitHub" rel="noopener" target="_blank"><svg width="80" height="80" viewBox="0 0 250 250" aria-hidden="true"><path d="M0,0 L115,115 L130,115 L142,142 L250,250 L250,0 Z"></path><path d="M128.3,109.0 C113.8,99.7 119.0,89.6 119.0,89.6 C122.0,82.7 120.5,78.6 120.5,78.6 C119.2,72.0 123.4,76.3 123.4,76.3 C127.3,80.9 125.5,87.3 125.5,87.3 C122.9,97.6 130.6,101.9 134.4,103.2" fill="currentColor" style="transform-origin: 130px 106px;" class="octo-arm"></path><path d="M115.0,115.0 C114.9,115.1 118.7,116.5 119.8,115.4 L133.7,101.6 C136.9,99.2 139.9,98.4 142.2,98.6 C133.8,88.0 127.5,74.4 143.8,58.0 C148.5,53.4 154.0,51.2 159.7,51.0 C160.3,49.4 163.2,43.6 171.4,40.1 C171.4,40.1 176.1,42.5 178.8,56.2 C183.1,58.6 187.2,61.8 190.9,65.4 C194.5,69.0 197.7,73.2 200.1,77.6 C213.8,80.2 216.3,84.9 216.3,84.9 C212.7,93.1 206.9,96.0 205.4,96.6 C205.1,102.4 203.0,107.8 198.3,112.5 C181.9,128.9 168.3,122.5 157.7,114.1 C157.9,116.9 156.7,120.9 152.7,124.9 L141.0,136.5 C139.8,137.7 141.6,141.9 141.8,141.8 Z" fill="currentColor" class="octo-body"></path></svg></a>


    <main class="main">
      <div class="main-inner">
        <div class="content-wrap">
          

          <div class="content">
            

  <div class="posts-expand">
      
  
  
  <article itemscope itemtype="http://schema.org/Article" class="post-block " lang="zh-CN">
    <link itemprop="mainEntityOfPage" href="http://blog.yonj1e.top/2019/06/27/orderby-limit-index/">

    <span hidden itemprop="author" itemscope itemtype="http://schema.org/Person">
      <meta itemprop="image" content="/images/head.jpg">
      <meta itemprop="name" content="Yang Jie">
      <meta itemprop="description" content="Stay hungry, Stay young">
    </span>

    <span hidden itemprop="publisher" itemscope itemtype="http://schema.org/Organization">
      <meta itemprop="name" content="Yonj1e's Blog">
    </span>
      <header class="post-header">
        <h1 class="post-title" itemprop="name headline">
          PostgreSQL中order by limit索引选择问题
        </h1>

        <div class="post-meta">
            <span class="post-meta-item">
              <span class="post-meta-item-icon">
                <i class="fa fa-calendar-o"></i>
              </span>
              <span class="post-meta-item-text">发表于</span>

              <time title="创建时间：2019-06-27 00:00:00" itemprop="dateCreated datePublished" datetime="2019-06-27T00:00:00+00:00">2019-06-27</time>
            </span>
              <span class="post-meta-item">
                <span class="post-meta-item-icon">
                  <i class="fa fa-calendar-check-o"></i>
                </span>
                <span class="post-meta-item-text">更新于</span>
                <time title="修改时间：2020-07-18 14:11:26" itemprop="dateModified" datetime="2020-07-18T14:11:26+00:00">2020-07-18</time>
              </span>
            <span class="post-meta-item">
              <span class="post-meta-item-icon">
                <i class="fa fa-folder-o"></i>
              </span>
              <span class="post-meta-item-text">分类于</span>
                <span itemprop="about" itemscope itemtype="http://schema.org/Thing">
                  <a href="/categories/PostgreSQL/" itemprop="url" rel="index">
                    <span itemprop="name">PostgreSQL</span>
                  </a>
                </span>
            </span>

          

        </div>
      </header>

    
    
    
    <div class="post-body" itemprop="articleBody">

      
        <h2 id="简介"><a href="#简介" class="headerlink" title="简介"></a>简介</h2><p>相同sql，limit 1和limit 10，走不同索引，效率相差很大</p>
<p>实际执行计划如下:</p>
<figure class="highlight sql"><table><tr><td class="gutter"><pre><span class="line">1</span><br><span class="line">2</span><br><span class="line">3</span><br><span class="line">4</span><br><span class="line">5</span><br><span class="line">6</span><br><span class="line">7</span><br><span class="line">8</span><br><span class="line">9</span><br><span class="line">10</span><br><span class="line">11</span><br><span class="line">12</span><br><span class="line">13</span><br><span class="line">14</span><br><span class="line">15</span><br><span class="line">16</span><br><span class="line">17</span><br><span class="line">18</span><br><span class="line">19</span><br><span class="line">20</span><br><span class="line">21</span><br><span class="line">22</span><br><span class="line">23</span><br></pre></td><td class="code"><pre><span class="line">test=<span class="comment"># explain analyze select data_id from test_tbl where status=0 and city_id=310188 and type=103 and sub_type in(10306,10304,10305) order by create_time desc limit 1;</span></span><br><span class="line">                                                                                    QUERY PLAN                                                                                   </span><br><span class="line"><span class="comment">----------------------------------------------------------------------------------------------------------------------------------------------------------------------------------</span></span><br><span class="line"> Limit  (cost=0.44..1690.33 rows=1 width=16) (actual time=12816.268..12816.269 rows=1 loops=1)</span><br><span class="line">   -&gt;  Index Scan Backward using test_tbl_create_time_idx on test_tbl  (cost=0.44..1936615.36 rows=1146 width=16) (actual time=12816.266..12816.266 rows=1 loops=1)</span><br><span class="line">         Filter: ((status = 0) AND (city_id = 310188) AND (type = 103) AND (sub_type = ANY ('&#123;10306,10304,10305&#125;'::integer[])))</span><br><span class="line">         Rows Removed by Filter: 9969343</span><br><span class="line"> Planning time: 2.940 ms</span><br><span class="line"> Execution time: 12816.306 ms</span><br><span class="line">(6 rows)</span><br><span class="line"> </span><br><span class="line">test=<span class="comment"># explain analyze select data_id from test_tbl where status=0 and city_id=310188 and type=103 and sub_type in(10306,10304,10305) order by create_time desc limit 10;</span></span><br><span class="line">                                                                                      QUERY PLAN                                                                                     </span><br><span class="line"><span class="comment">--------------------------------------------------------------------------------------------------------------------------------------------------------------------------------------</span></span><br><span class="line"> Limit  (cost=4268.71..4268.73 rows=10 width=16) (actual time=0.082..0.084 rows=10 loops=1)</span><br><span class="line">   -&gt;  Sort  (cost=4268.71..4271.57 rows=1146 width=16) (actual time=0.082..0.083 rows=10 loops=1)</span><br><span class="line">         Sort Key: create_time</span><br><span class="line">         Sort Method: quicksort  Memory: 25kB</span><br><span class="line">         -&gt;  Index Scan using test_tbl_city_id_sub_type_create_time_idx on test_tbl  (cost=0.44..4243.94 rows=1146 width=16) (actual time=0.030..0.066 rows=15 loops=1)</span><br><span class="line">               Index Cond: ((city_id = 310188) AND (sub_type = ANY ('&#123;10306,10304,10305&#125;'::integer[])))</span><br><span class="line"> Planning time: 0.375 ms</span><br><span class="line"> Execution time: 0.150 ms</span><br><span class="line">(8 rows)</span><br></pre></td></tr></table></figure>

<p>两个走的索引不一样</p>
<figure class="highlight sql"><table><tr><td class="gutter"><pre><span class="line">1</span><br><span class="line">2</span><br><span class="line">3</span><br><span class="line">4</span><br><span class="line">5</span><br><span class="line">6</span><br><span class="line">7</span><br><span class="line">8</span><br><span class="line">9</span><br><span class="line">10</span><br><span class="line">11</span><br><span class="line">12</span><br><span class="line">13</span><br><span class="line">14</span><br><span class="line">15</span><br><span class="line">16</span><br></pre></td><td class="code"><pre><span class="line">test=<span class="comment"># \d test_tbl_create_time_idx</span></span><br><span class="line">     Index "public.test_tbl_create_time_idx"</span><br><span class="line">   Column    |            Type             | Definition </span><br><span class="line"><span class="comment">-------------+-----------------------------+-------------</span></span><br><span class="line"> create_time | timestamp without time zone | create_time</span><br><span class="line">btree, for table "public.test_tbl"</span><br><span class="line"> </span><br><span class="line"> </span><br><span class="line">test=<span class="comment"># \d test_tbl_city_id_sub_type_create_time_idx</span></span><br><span class="line">Index "public.test_tbl_city_id_sub_type_create_time_idx"</span><br><span class="line">   Column    |            Type             | Definition </span><br><span class="line"><span class="comment">-------------+-----------------------------+-------------</span></span><br><span class="line"> city_id     | integer                     | city_id</span><br><span class="line"> sub_type    | integer                     | sub_type</span><br><span class="line"> create_time | timestamp without time zone | create_time</span><br><span class="line">btree, for table "public.test_tbl", predicate (type = 103 AND status = 0)</span><br></pre></td></tr></table></figure>

<p>首先，表的记录数(3123万)除以满足whereclase的记录数(1199)，得到平均需要扫描多少条记录，可以得到一条满足whereclase条件的记录</p>
<figure class="highlight sql"><table><tr><td class="gutter"><pre><span class="line">1</span><br><span class="line">2</span><br><span class="line">3</span><br><span class="line">4</span><br><span class="line">5</span><br><span class="line">6</span><br><span class="line">7</span><br><span class="line">8</span><br><span class="line">9</span><br><span class="line">10</span><br><span class="line">11</span><br></pre></td><td class="code"><pre><span class="line">test=<span class="comment"># select count(*) from test_tbl;</span></span><br><span class="line">  count  </span><br><span class="line"><span class="comment">----------</span></span><br><span class="line"> 31227936</span><br><span class="line">(1 row)</span><br><span class="line"> </span><br><span class="line">test=<span class="comment"># select 31227936/1199;</span></span><br><span class="line"> ?column?</span><br><span class="line"><span class="comment">----------</span></span><br><span class="line">    26044</span><br><span class="line">(1 row)</span><br></pre></td></tr></table></figure>

<p>也就是说每扫描26044条记录，可以得到一条满足条件的记录。（优化器这么算，是认为数据分布是均匀的。）</p>
<p>但是，实际上，数据分布是不均匀的，whereclause的记录在表的前端。</p>
<p>并不是估算的每扫描26044条记录，可以得到一条满足条件的记录。</p>
<p>问题就出在这里。</p>
<figure class="highlight sql"><table><tr><td class="gutter"><pre><span class="line">1</span><br><span class="line">2</span><br><span class="line">3</span><br><span class="line">4</span><br><span class="line">5</span><br><span class="line">6</span><br><span class="line">7</span><br><span class="line">8</span><br><span class="line">9</span><br><span class="line">10</span><br><span class="line">11</span><br><span class="line">12</span><br><span class="line">13</span><br><span class="line">14</span><br><span class="line">15</span><br><span class="line">16</span><br><span class="line">17</span><br><span class="line">18</span><br><span class="line">19</span><br><span class="line">20</span><br><span class="line">21</span><br><span class="line">22</span><br><span class="line">23</span><br><span class="line">24</span><br><span class="line">25</span><br><span class="line">26</span><br><span class="line">27</span><br><span class="line">28</span><br><span class="line">29</span><br><span class="line">30</span><br><span class="line">31</span><br><span class="line">32</span><br><span class="line">33</span><br><span class="line">34</span><br></pre></td><td class="code"><pre><span class="line"><span class="comment"># ctid</span></span><br><span class="line">test=<span class="comment"># select max(ctid) from test_tbl;</span></span><br><span class="line">     max     </span><br><span class="line"><span class="comment">--------------</span></span><br><span class="line"> (244118,407)</span><br><span class="line">(1 row)</span><br><span class="line"> </span><br><span class="line">test=<span class="comment"># select max(ctid),min(ctid) from test_tbl where data_id in (select data_id from test_tbl where status=0 and city_id=310188 and type=103 and sub_type in(10306,10304,10305));</span></span><br><span class="line">    max     |    min   </span><br><span class="line"><span class="comment">------------+-----------</span></span><br><span class="line"> (21293,15) | (2444,73)</span><br><span class="line">(1 row)</span><br><span class="line"> </span><br><span class="line"> </span><br><span class="line"> </span><br><span class="line"><span class="comment"># 分布在28w个rows里(不一定均匀分布),且通过数据分布分别在表中的 page min号 是 2444, max号是21293, 整个表的最大page号是 244118, 可以看出符合条件的28w行,物理分布于表的前端.</span></span><br><span class="line"> </span><br><span class="line">test=<span class="comment"># select 31227936/244118*21293;</span></span><br><span class="line"> ?column?</span><br><span class="line"><span class="comment">----------</span></span><br><span class="line">  2704211</span><br><span class="line">(1 row)</span><br><span class="line"> </span><br><span class="line"><span class="comment"># order by asc 就能看出效果</span></span><br><span class="line">test=<span class="comment"># explain analyze select data_id from test_tbl where status=0 and city_id=310188 and type=103 and sub_type in(10306,10304,10305) order by create_time asc limit 1;</span></span><br><span class="line">                                                                              QUERY PLAN                                                                              </span><br><span class="line"><span class="comment">-----------------------------------------------------------------------------------------------------------------------------------------------------------------------</span></span><br><span class="line"> Limit  (cost=0.44..1615.86 rows=1 width=16) (actual time=4295.865..4295.866 rows=1 loops=1)</span><br><span class="line">   -&gt;  Index Scan using test_tbl_create_time_idx on test_tbl  (cost=0.44..1936888.15 rows=1199 width=16) (actual time=4295.864..4295.864 rows=1 loops=1)</span><br><span class="line">         Filter: ((status = 0) AND (city_id = 310188) AND (type = 103) AND (sub_type = ANY ('&#123;10306,10304,10305&#125;'::integer[])))</span><br><span class="line">         Rows Removed by Filter: 4712758</span><br><span class="line"> Planning time: 0.404 ms</span><br><span class="line"> Execution time: 4295.884 ms</span><br><span class="line">(6 rows)</span><br></pre></td></tr></table></figure>

<h2 id="为什么走不同的索引"><a href="#为什么走不同的索引" class="headerlink" title="为什么走不同的索引"></a>为什么走不同的索引</h2><p>实际上PG会通过计算成本得到应该使用哪个索引</p>
<p>在limit10 时, 使用test_tbl_city_id_sub_type_create_time_idx索引的时候，需要扫描1199行，然后排序，总cost是 cost=4268.71..4271.57，然后取出 desc 的10个tuple,需要的cost是cost=4268.71..4268.73,</p>
<p>实际的执行时间是: actual time=0.082..0.084，从这点来看，limit 10 的真正执行时间比执行计划还快, 可以认为是查询规化器从诸多查询路径中，找到较优的执行计划了.</p>
<p>在 limit 1 时, 使用 test_tbl_create_time_idx的时候, </p>
<p>Limit (cost=0.44..1690.33 rows=1 width=16) (actual time=12816.268..12816.269 rows=1 loops=1)</p>
<p>执行计划预估是 cost=0.44..1690.33，但是实际却是 actual time=12816.268..12816.269,  明显查询规化器从诸多查询路径中，找到的执行计划不是较优的. 也就是查询规化器出现了误判.</p>
<p>返回多少条记录能达到4271.57成本（limit 1 cost 1690.33，limit 10 sort cost 4271.57）</p>
<figure class="highlight sql"><table><tr><td class="gutter"><pre><span class="line">1</span><br><span class="line">2</span><br><span class="line">3</span><br><span class="line">4</span><br><span class="line">5</span><br></pre></td><td class="code"><pre><span class="line">test=<span class="comment"># select 4271.57/1690.33;</span></span><br><span class="line">      ?column?     </span><br><span class="line"><span class="comment">--------------------</span></span><br><span class="line"> 2.5270627628924530</span><br><span class="line">(1 row)</span><br></pre></td></tr></table></figure>

<p>limit 大于2.5的时候走 test_tbl_city_id_sub_type_create_time_idx 索引</p>
<p>limit 小于2.5的时候走  test_tbl_create_time_idx 索引</p>
<p>验证一下，也确实如此</p>
<figure class="highlight sql"><table><tr><td class="gutter"><pre><span class="line">1</span><br><span class="line">2</span><br><span class="line">3</span><br><span class="line">4</span><br><span class="line">5</span><br><span class="line">6</span><br><span class="line">7</span><br><span class="line">8</span><br><span class="line">9</span><br><span class="line">10</span><br><span class="line">11</span><br><span class="line">12</span><br><span class="line">13</span><br><span class="line">14</span><br><span class="line">15</span><br><span class="line">16</span><br><span class="line">17</span><br><span class="line">18</span><br><span class="line">19</span><br><span class="line">20</span><br><span class="line">21</span><br><span class="line">22</span><br><span class="line">23</span><br><span class="line">24</span><br><span class="line">25</span><br><span class="line">26</span><br><span class="line">27</span><br></pre></td><td class="code"><pre><span class="line">test=<span class="comment">#  explain analyze select data_id from test_tbl where status=0 and city_id=310188 and type=103 and sub_type in(10306,10304,10305) order by create_time desc limit 3;</span></span><br><span class="line">                                                                                      QUERY PLAN                                             </span><br><span class="line">                                         </span><br><span class="line"><span class="comment">--------------------------------------------------------------------------------------------------------------------------------------------------------------------------------------</span></span><br><span class="line"> Limit  (cost=4455.61..4455.62 rows=3 width=16) (actual time=0.103..0.103 rows=3 loops=1)</span><br><span class="line">   -&gt;  Sort  (cost=4455.61..4458.61 rows=1199 width=16) (actual time=0.103..0.103 rows=3 loops=1)</span><br><span class="line">         Sort Key: create_time</span><br><span class="line">         Sort Method: top-N heapsort  Memory: 25kB</span><br><span class="line">         -&gt;  Index Scan using test_tbl_city_id_sub_type_create_time_idx on test_tbl  (cost=0.44..4440.12 rows=1199 width=16) (ac</span><br><span class="line">tual time=0.047..0.088 rows=15 loops=1)</span><br><span class="line">               Index Cond: ((city_id = 310188) AND (sub_type = ANY ('&#123;10306,10304,10305&#125;'::integer[])))</span><br><span class="line"> Planning time: 0.413 ms</span><br><span class="line"> Execution time: 0.151 ms</span><br><span class="line">(8 rows)</span><br><span class="line"> </span><br><span class="line"> </span><br><span class="line">test=<span class="comment">#  explain analyze select data_id from test_tbl where status=0 and city_id=310188 and type=103 and sub_type in(10306,10304,10305) order by create_time desc limit 2;</span></span><br><span class="line">                                                                                    QUERY PLAN                                               </span><br><span class="line">                                     </span><br><span class="line"><span class="comment">----------------------------------------------------------------------------------------------------------------------------------------------------------------------------------</span></span><br><span class="line"> Limit  (cost=0.44..3231.28 rows=2 width=16) (actual time=11433.166..15947.713 rows=2 loops=1)</span><br><span class="line">   -&gt;  Index Scan Backward using test_tbl_create_time_idx on test_tbl  (cost=0.44..1936892.40 rows=1199 width=16) (actual time=11433.164..15947.708 rows=2 loops=1)</span><br><span class="line">         Filter: ((status = 0) AND (city_id = 310188) AND (type = 103) AND (sub_type = ANY ('&#123;10306,10304,10305&#125;'::integer[])))</span><br><span class="line">         Rows Removed by Filter: 13631428</span><br><span class="line"> Planning time: 0.375 ms</span><br><span class="line"> Execution time: 15947.730 ms</span><br><span class="line">(6 rows)</span><br></pre></td></tr></table></figure>

<p>很显然，根据order by create_time desc 作为依据, 来使用test_tbl_create_time_idx (单个字段 create_time 的index)进行扫描，一定会慢，因为满足条件的数据都分布在<strong>前</strong>28w条记录中</p>
<h2 id="优化方法"><a href="#优化方法" class="headerlink" title="优化方法"></a>优化方法</h2><h3 id="改SQL"><a href="#改SQL" class="headerlink" title="改SQL"></a>改SQL</h3><p>a 强制不走cretate_time扫描</p>
<figure class="highlight sql"><table><tr><td class="gutter"><pre><span class="line">1</span><br><span class="line">2</span><br><span class="line">3</span><br><span class="line">4</span><br><span class="line">5</span><br><span class="line">6</span><br><span class="line">7</span><br><span class="line">8</span><br><span class="line">9</span><br><span class="line">10</span><br><span class="line">11</span><br><span class="line">12</span><br><span class="line">13</span><br></pre></td><td class="code"><pre><span class="line"><span class="comment"># order by create_time, data_id</span></span><br><span class="line">test=<span class="comment"># explain analyze select data_id from test_tbl where status=0 and city_id=310188 and type=103 and sub_type in(10306,10304,10305) order by create_time desc,1 limit 1;</span></span><br><span class="line">                                                                                      QUERY PLAN                                                                                     </span><br><span class="line"><span class="comment">--------------------------------------------------------------------------------------------------------------------------------------------------------------------------------------</span></span><br><span class="line"> Limit  (cost=4475.93..4475.93 rows=1 width=16) (actual time=0.193..0.193 rows=1 loops=1)</span><br><span class="line">   -&gt;  Sort  (cost=4475.93..4478.94 rows=1207 width=16) (actual time=0.193..0.193 rows=1 loops=1)</span><br><span class="line">         Sort Key: create_time, data_id</span><br><span class="line">         Sort Method: top-N heapsort  Memory: 25kB</span><br><span class="line">         -&gt;  Index Scan using test_tbl_city_id_sub_type_type_status_idx on test_tbl  (cost=0.44..4469.89 rows=1207 width=16) (actual time=0.128..0.173 rows=15 loops=1)</span><br><span class="line">               Index Cond: ((city_id = 310188) AND (sub_type = ANY ('&#123;10306,10304,10305&#125;'::integer[])) AND (type = 103) AND (status = 0))</span><br><span class="line"> Planning time: 1.614 ms</span><br><span class="line"> Execution time: 0.219 ms</span><br><span class="line">(8 rows)</span><br></pre></td></tr></table></figure>

<p>b 使用with</p>
<figure class="highlight sql"><table><tr><td class="gutter"><pre><span class="line">1</span><br><span class="line">2</span><br><span class="line">3</span><br><span class="line">4</span><br><span class="line">5</span><br><span class="line">6</span><br><span class="line">7</span><br><span class="line">8</span><br><span class="line">9</span><br><span class="line">10</span><br><span class="line">11</span><br><span class="line">12</span><br><span class="line">13</span><br><span class="line">14</span><br><span class="line">15</span><br><span class="line">16</span><br><span class="line">17</span><br></pre></td><td class="code"><pre><span class="line">test=<span class="comment"># explain analyze with cte as (select data_id from test_tbl where status=0 and city_id=310188 and type=103  and sub_type in(10306,10304,10305)  order by create_time desc)</span></span><br><span class="line"><span class="keyword">select</span> data_id <span class="keyword">from</span> cte <span class="keyword">limit</span> <span class="number">1</span>;</span><br><span class="line">                                                                                   QUERY PLAN                                                                                   </span><br><span class="line"><span class="comment">---------------------------------------------------------------------------------------------------------------------------------------------------------------------------------</span></span><br><span class="line"> Limit  (cost=4535.80..4535.82 rows=1 width=8) (actual time=0.075..0.075 rows=1 loops=1)</span><br><span class="line">   CTE cte</span><br><span class="line">     -&gt;  Sort  (cost=4532.87..4535.80 rows=1169 width=16) (actual time=0.073..0.073 rows=1 loops=1)</span><br><span class="line">           Sort Key: test_tbl.create_time</span><br><span class="line">           Sort Method: quicksort  Memory: 25kB</span><br><span class="line">           -&gt;  Index Scan using idx_test_tbl_city_id_sub_type_type on test_tbl  (cost=0.44..4473.31 rows=1169 width=16) (actual time=0.019..0.067 rows=15 loops=1)</span><br><span class="line">                 Index Cond: ((city_id = 310188) AND (sub_type = ANY ('&#123;10306,10304,10305&#125;'::integer[])) AND (type = 103))</span><br><span class="line">                 Filter: (status = 0)</span><br><span class="line">                 Rows Removed by Filter: 22</span><br><span class="line">   -&gt;  CTE Scan on cte  (cost=0.00..23.38 rows=1169 width=8) (actual time=0.075..0.075 rows=1 loops=1)</span><br><span class="line"> Planning time: 0.306 ms</span><br><span class="line"> Execution time: 0.097 ms</span><br><span class="line">(12 rows)</span><br></pre></td></tr></table></figure>

<h3 id="加多列复合索引"><a href="#加多列复合索引" class="headerlink" title="加多列复合索引"></a>加多列复合索引</h3><p>加到哪几个字段是关键</p>
<p>比如 create index CONCURRENTLY ON test_tbl (city_id,sub_type,create_time desc) where type=103 and status = 0; 就没有效果.</p>
<figure class="highlight sql"><table><tr><td class="gutter"><pre><span class="line">1</span><br><span class="line">2</span><br><span class="line">3</span><br><span class="line">4</span><br><span class="line">5</span><br><span class="line">6</span><br><span class="line">7</span><br><span class="line">8</span><br><span class="line">9</span><br><span class="line">10</span><br><span class="line">11</span><br><span class="line">12</span><br><span class="line">13</span><br><span class="line">14</span><br><span class="line">15</span><br><span class="line">16</span><br><span class="line">17</span><br><span class="line">18</span><br><span class="line">19</span><br><span class="line">20</span><br><span class="line">21</span><br><span class="line">22</span><br><span class="line">23</span><br><span class="line">24</span><br><span class="line">25</span><br><span class="line">26</span><br><span class="line">27</span><br><span class="line">28</span><br><span class="line">29</span><br><span class="line">30</span><br><span class="line">31</span><br><span class="line">32</span><br><span class="line">33</span><br><span class="line">34</span><br><span class="line">35</span><br><span class="line">36</span><br><span class="line">37</span><br><span class="line">38</span><br><span class="line">39</span><br><span class="line">40</span><br></pre></td><td class="code"><pre><span class="line">test=<span class="comment"># select count(distinct city_id), count(distinct sub_type), count(distinct type), count(distinct status) from test_tbl;</span></span><br><span class="line"> count | count | count | count</span><br><span class="line"><span class="comment">-------+-------+-------+-------</span></span><br><span class="line"> 29689 |    42 |     4 |     9</span><br><span class="line">(1 row)</span><br><span class="line"> </span><br><span class="line"> </span><br><span class="line"><span class="keyword">create</span> <span class="keyword">index</span> CONCURRENTLY  <span class="keyword">on</span> test_tbl(city_id, create_time) <span class="keyword">where</span>  <span class="keyword">status</span>=<span class="number">0</span>  <span class="keyword">and</span> <span class="keyword">type</span>=<span class="number">103</span>;</span><br><span class="line"> </span><br><span class="line">test=<span class="comment"># \d test_tbl_city_id_create_time_idx</span></span><br><span class="line"> Index "public.test_tbl_city_id_create_time_idx"</span><br><span class="line">   Column    |            Type             | Definition </span><br><span class="line"><span class="comment">-------------+-----------------------------+-------------</span></span><br><span class="line"> city_id     | integer                     | city_id</span><br><span class="line"> create_time | timestamp without time zone | create_time</span><br><span class="line">btree, for table "public.test_tbl", predicate (status = 0 AND type = 103)</span><br><span class="line"> </span><br><span class="line">test=<span class="comment"># explain analyze select data_id from test_tbl where status=0 and city_id=310188 and type=103 and sub_type in(10306,10304,10305) order by create_time desc limit 10;</span></span><br><span class="line">                                                                                    QUERY PLAN                                                                                   </span><br><span class="line"><span class="comment">----------------------------------------------------------------------------------------------------------------------------------------------------------------------------------</span></span><br><span class="line"> Limit  (cost=0.44..764.64 rows=10 width=16) (actual time=6.121..25.471 rows=10 loops=1)</span><br><span class="line">   -&gt;  Index Scan Backward using test_tbl_city_id_create_time_idx on test_tbl  (cost=0.44..91628.47 rows=1199 width=16) (actual time=6.120..25.466 rows=10 loops=1)</span><br><span class="line">         Index Cond: (city_id = 310188)</span><br><span class="line">         Filter: (sub_type = ANY ('&#123;10306,10304,10305&#125;'::integer[]))</span><br><span class="line">         Rows Removed by Filter: 4237</span><br><span class="line"> Planning time: 0.525 ms</span><br><span class="line"> Execution time: 25.512 ms</span><br><span class="line">(7 rows)</span><br><span class="line"> </span><br><span class="line">test=<span class="comment"># explain analyze select data_id from test_tbl where status=0 and city_id=310188 and type=103 and sub_type in(10306,10304,10305) order by create_time desc limit 1;</span></span><br><span class="line">                                                                                   QUERY PLAN                                                                                  </span><br><span class="line"><span class="comment">--------------------------------------------------------------------------------------------------------------------------------------------------------------------------------</span></span><br><span class="line"> Limit  (cost=0.44..76.86 rows=1 width=16) (actual time=0.935..0.935 rows=1 loops=1)</span><br><span class="line">   -&gt;  Index Scan Backward using test_tbl_city_id_create_time_idx on test_tbl  (cost=0.44..91628.47 rows=1199 width=16) (actual time=0.934..0.934 rows=1 loops=1)</span><br><span class="line">         Index Cond: (city_id = 310188)</span><br><span class="line">         Filter: (sub_type = ANY ('&#123;10306,10304,10305&#125;'::integer[]))</span><br><span class="line">         Rows Removed by Filter: 796</span><br><span class="line"> Planning time: 0.447 ms</span><br><span class="line"> Execution time: 0.956 ms</span><br><span class="line">(7 rows)</span><br></pre></td></tr></table></figure>

<h2 id="其他"><a href="#其他" class="headerlink" title="其他"></a>其他</h2><p>带IN条件的联合索引失效</p>
<figure class="highlight sql"><table><tr><td class="gutter"><pre><span class="line">1</span><br><span class="line">2</span><br><span class="line">3</span><br><span class="line">4</span><br><span class="line">5</span><br><span class="line">6</span><br><span class="line">7</span><br><span class="line">8</span><br><span class="line">9</span><br><span class="line">10</span><br><span class="line">11</span><br><span class="line">12</span><br><span class="line">13</span><br><span class="line">14</span><br><span class="line">15</span><br><span class="line">16</span><br><span class="line">17</span><br><span class="line">18</span><br><span class="line">19</span><br><span class="line">20</span><br><span class="line">21</span><br><span class="line">22</span><br><span class="line">23</span><br><span class="line">24</span><br><span class="line">25</span><br><span class="line">26</span><br><span class="line">27</span><br><span class="line">28</span><br><span class="line">29</span><br><span class="line">30</span><br><span class="line">31</span><br><span class="line">32</span><br><span class="line">33</span><br><span class="line">34</span><br><span class="line">35</span><br><span class="line">36</span><br><span class="line">37</span><br><span class="line">38</span><br></pre></td><td class="code"><pre><span class="line">test=<span class="comment"># select city_id from test_tbl limit 5;</span></span><br><span class="line"> city_id </span><br><span class="line"><span class="comment">---------</span></span><br><span class="line">  299782</span><br><span class="line">  300002</span><br><span class="line">  298051</span><br><span class="line">  298051</span><br><span class="line">  298051</span><br><span class="line">(5 rows)</span><br><span class="line"></span><br><span class="line">test=<span class="comment"># explain analyze select data_id from test_tbl where status=0 and city_id in (310188, 299782) and type=103 and sub_type in(10306,10304,10305) order by create_time desc limit 1;</span></span><br><span class="line">                                                                                QUERY PLAN                                                                                 </span><br><span class="line"><span class="comment">---------------------------------------------------------------------------------------------------------------------------------------------------------------------------</span></span><br><span class="line"> Limit  (cost=0.44..116.29 rows=1 width=16) (actual time=0.082..0.082 rows=1 loops=1)</span><br><span class="line">   -&gt;  Index Scan Backward using test_tbl_create_time_idx on test_tbl  (cost=0.44..1937727.22 rows=16726 width=16) (actual time=0.082..0.082 rows=1 loops=1)</span><br><span class="line">         Filter: ((city_id = ANY ('&#123;310188,299782&#125;'::integer[])) AND (status = 0) AND (type = 103) AND (sub_type = ANY ('&#123;10306,10304,10305&#125;'::integer[])))</span><br><span class="line">         Rows Removed by Filter: 37</span><br><span class="line"> Planning time: 0.542 ms</span><br><span class="line"> Execution time: 0.111 ms</span><br><span class="line">(6 rows)</span><br><span class="line"></span><br><span class="line"><span class="comment"># 带IN条件的联合索引失效</span></span><br><span class="line">test=<span class="comment"># select min(city_id), max(city_id) from test_tbl;</span></span><br><span class="line"> min |   max   </span><br><span class="line"><span class="comment">-----+---------</span></span><br><span class="line">   0 | 1800000</span><br><span class="line">(1 row)</span><br><span class="line"></span><br><span class="line">test=<span class="comment"># explain analyze select data_id from test_tbl where status=0 and city_id in (310188,1800001) and type=103 and sub_type in(10306,10304,10305) order by create_time desc limit 1;</span></span><br><span class="line">                                                                                    QUERY PLAN                                                                                    </span><br><span class="line"><span class="comment">----------------------------------------------------------------------------------------------------------------------------------------------------------------------------------</span></span><br><span class="line"> Limit  (cost=0.44..1652.38 rows=1 width=16) (actual time=13331.682..13331.683 rows=1 loops=1)</span><br><span class="line">   -&gt;  Index Scan Backward using test_tbl_create_time_idx on test_tbl  (cost=0.44..1937727.22 rows=1173 width=16) (actual time=13331.681..13331.681 rows=1 loops=1)</span><br><span class="line">         Filter: ((city_id = ANY ('&#123;310188,1800001&#125;'::integer[])) AND (status = 0) AND (type = 103) AND (sub_type = ANY ('&#123;10306,10304,10305&#125;'::integer[])))</span><br><span class="line">         Rows Removed by Filter: 10007847</span><br><span class="line"> Planning time: 0.375 ms</span><br><span class="line"> Execution time: 13331.702 ms</span><br><span class="line">(6 rows)</span><br></pre></td></tr></table></figure>



<h2 id="参考"><a href="#参考" class="headerlink" title="参考"></a>参考</h2><p><a href="https://yq.aliyun.com/articles/647456" target="_blank" rel="noopener">https://yq.aliyun.com/articles/647456</a></p>

    </div>

    
    
    
      
        <div class="reward-container">
  <div></div>
  <button disable="enable" onclick="var qr = document.getElementById(&quot;qr&quot;); qr.style.display = (qr.style.display === 'none') ? 'block' : 'none';">
    打赏
  </button>
  <div id="qr" style="display: none;">
      
      <div style="display: inline-block;">
        <img src="/images/wechatpay.jpg" alt="Yang Jie 微信支付">
        <p>微信支付</p>
      </div>

  </div>
</div>

        

<div>
<ul class="post-copyright">
  <li class="post-copyright-author">
    <strong>本文作者： </strong>Yang Jie
  </li>
  <li class="post-copyright-link">
    <strong>本文链接：</strong>
    <a href="http://blog.yonj1e.top/2019/06/27/orderby-limit-index/" title="PostgreSQL中order by limit索引选择问题">http://blog.yonj1e.top/2019/06/27/orderby-limit-index/</a>
  </li>
  <li class="post-copyright-license">
    <strong>版权声明： </strong>本博客所有文章除特别声明外，均采用 <a href="https://creativecommons.org/licenses/by-nc-sa/4.0/zh-CN" rel="noopener" target="_blank"><i class="fa fa-fw fa-creative-commons"></i>BY-NC-SA</a> 许可协议。转载请注明出处！
  </li>
</ul>
</div>


      <footer class="post-footer">
          <div class="post-tags">
              <a href="/tags/Order-By/" rel="tag"># Order By</a>
              <a href="/tags/WITH-Queries/" rel="tag"># WITH Queries</a>
              <a href="/tags/Multicolumn-Indexes/" rel="tag"># Multicolumn Indexes</a>
          </div>

        

          <div class="post-nav">
            <div class="post-nav-next post-nav-item">
                <a href="/2019/03/20/dockerfile-usage/" rel="next" title="用Dockerfile打造自动化构建工具">
                  <i class="fa fa-chevron-left"></i> 用Dockerfile打造自动化构建工具
                </a>
            </div>

            <span class="post-nav-divider"></span>

            <div class="post-nav-prev post-nav-item">
                <a href="/2019/11/07/citus-append-distribution/" rel="prev" title="Citus中的分片策略：Append Distribution追加分配">
                  Citus中的分片策略：Append Distribution追加分配 <i class="fa fa-chevron-right"></i>
                </a>
            </div>
          </div>
      </footer>
    
  </article>
  
  
  

  </div>


          </div>
          

        </div>
          
  
  <div class="toggle sidebar-toggle">
    <span class="toggle-line toggle-line-first"></span>
    <span class="toggle-line toggle-line-middle"></span>
    <span class="toggle-line toggle-line-last"></span>
  </div>

  <aside class="sidebar">
    <div class="sidebar-inner">

      <ul class="sidebar-nav motion-element">
        <li class="sidebar-nav-toc">
          文章目录
        </li>
        <li class="sidebar-nav-overview">
          站点概览
        </li>
      </ul>

      <!--noindex-->
      <div class="post-toc-wrap sidebar-panel">
          <div class="post-toc motion-element"><ol class="nav"><li class="nav-item nav-level-2"><a class="nav-link" href="#简介"><span class="nav-number">1.</span> <span class="nav-text">简介</span></a></li><li class="nav-item nav-level-2"><a class="nav-link" href="#为什么走不同的索引"><span class="nav-number">2.</span> <span class="nav-text">为什么走不同的索引</span></a></li><li class="nav-item nav-level-2"><a class="nav-link" href="#优化方法"><span class="nav-number">3.</span> <span class="nav-text">优化方法</span></a><ol class="nav-child"><li class="nav-item nav-level-3"><a class="nav-link" href="#改SQL"><span class="nav-number">3.1.</span> <span class="nav-text">改SQL</span></a></li><li class="nav-item nav-level-3"><a class="nav-link" href="#加多列复合索引"><span class="nav-number">3.2.</span> <span class="nav-text">加多列复合索引</span></a></li></ol></li><li class="nav-item nav-level-2"><a class="nav-link" href="#其他"><span class="nav-number">4.</span> <span class="nav-text">其他</span></a></li><li class="nav-item nav-level-2"><a class="nav-link" href="#参考"><span class="nav-number">5.</span> <span class="nav-text">参考</span></a></li></ol></div>
      </div>
      <!--/noindex-->

      <div class="site-overview-wrap sidebar-panel">
        <div class="site-author motion-element" itemprop="author" itemscope itemtype="http://schema.org/Person">
  <img class="site-author-image" itemprop="image" alt="Yang Jie"
    src="/images/head.jpg">
  <p class="site-author-name" itemprop="name">Yang Jie</p>
  <div class="site-description" itemprop="description">Stay hungry, Stay young</div>
</div>
<div class="site-state-wrap motion-element">
  <nav class="site-state">
      <div class="site-state-item site-state-posts">
          <a href="/archives/">
        
          <span class="site-state-item-count">7</span>
          <span class="site-state-item-name">日志</span>
        </a>
      </div>
      <div class="site-state-item site-state-categories">
            <a href="/categories/">
          
        <span class="site-state-item-count">4</span>
        <span class="site-state-item-name">分类</span></a>
      </div>
      <div class="site-state-item site-state-tags">
            <a href="/tags/">
          
        <span class="site-state-item-count">13</span>
        <span class="site-state-item-name">标签</span></a>
      </div>
  </nav>
</div>
  <div class="links-of-author motion-element">
      <span class="links-of-author-item">
        <a href="https://github.com/yonj1e" title="GitHub &amp;rarr; https:&#x2F;&#x2F;github.com&#x2F;yonj1e" rel="noopener" target="_blank"><i class="fa fa-fw fa-github"></i>GitHub</a>
      </span>
      <span class="links-of-author-item">
        <a href="mailto:yonj1e@163.com" title="E-Mail &amp;rarr; mailto:yonj1e@163.com" rel="noopener" target="_blank"><i class="fa fa-fw fa-envelope"></i>E-Mail</a>
      </span>
  </div>



      </div>

    </div>
  </aside>
  <div id="sidebar-dimmer"></div>


      </div>
    </main>

    <footer class="footer">
      <div class="footer-inner">
        

<div class="copyright">
  
  &copy; 2016 – 
  <span itemprop="copyrightYear">2020</span>
  <span class="with-love">
    <i class="fa fa-user"></i>
  </span>
  <span class="author" itemprop="copyrightHolder">Yang Jie</span>
</div>
  <div class="powered-by">由 <a href="https://hexo.io/" class="theme-link" rel="noopener" target="_blank">Hexo</a> 强力驱动 v4.0.0
  </div>
  <span class="post-meta-divider">|</span>
  <div class="theme-info">主题 – <a href="https://pisces.theme-next.org/" class="theme-link" rel="noopener" target="_blank">NexT.Pisces</a> v7.4.2
  </div>

        












        
      </div>
    </footer>
  </div>

  
  <script src="/lib/anime.min.js?v=3.1.0"></script>
  <script src="/lib/velocity/velocity.min.js?v=1.2.1"></script>
  <script src="/lib/velocity/velocity.ui.min.js?v=1.2.1"></script>
<script src="/js/utils.js?v=7.4.2"></script><script src="/js/motion.js?v=7.4.2"></script>
<script src="/js/schemes/pisces.js?v=7.4.2"></script>
<script src="/js/next-boot.js?v=7.4.2"></script><script src="/js/bookmark.js?v=7.4.2"></script>



  


















  

  

  

</body>
</html>
